<?xml version="1.0" encoding="utf-8"?><testsuite errors="0" failures="0" name="pytest" skips="0" tests="6" time="29.248"><testcase classname="main.test.test_hover" file="main/test/test_hover.py" line="3" name="test_hover" time="8.450913906097412"></testcase><testcase classname="main.test.test_login" file="main/test/test_login.py" line="4" name="test_login_successful" time="7.387722730636597"></testcase><testcase classname="main.test.test_login" file="main/test/test_login.py" line="14" name="test_wrong_username" time="2.0759501457214355"></testcase><testcase classname="main.test.test_login" file="main/test/test_login.py" line="24" name="test_wrong_password" time="2.8419454097747803"></testcase><testcase classname="main.test.test_table" file="main/test/test_table.py" line="3" name="test_sorting_asc" time="6.767012119293213"></testcase><testcase classname="main.test.test_table" file="main/test/test_table.py" line="14" name="test_sorting_desc" time="1.5397491455078125"></testcase></testsuite>