<?xml version="1.0" encoding="utf-8"?><testsuite errors="0" failures="0" name="pytest" skips="0" tests="6" time="26.998"><testcase classname="main.test.test_hover" file="main/test/test_hover.py" line="3" name="test_hover" time="7.222253084182739"></testcase><testcase classname="main.test.test_login" file="main/test/test_login.py" line="3" name="test_login_successful" time="6.655369997024536"></testcase><testcase classname="main.test.test_login" file="main/test/test_login.py" line="13" name="test_wrong_username" time="1.7715446949005127"></testcase><testcase classname="main.test.test_login" file="main/test/test_login.py" line="22" name="test_wrong_password" time="3.4327902793884277"></testcase><testcase classname="main.test.test_table" file="main/test/test_table.py" line="2" name="test_sorting_asc" time="6.1248860359191895"></testcase><testcase classname="main.test.test_table" file="main/test/test_table.py" line="10" name="test_sorting_desc" time="1.3515491485595703"></testcase></testsuite>